Copyright 1986-2020 Xilinx, Inc. All Rights Reserved.
-------------------------------------------------------------------------------------------------------------------------------------------------------------------------
| Tool Version     : Vivado v.2020.2 (win64) Build 3064766 Wed Nov 18 09:12:45 MST 2020
| Date             : Mon Aug  2 15:46:15 2021
| Host             : DESKTOP-AU45JBF running 64-bit major release  (build 9200)
| Command          : report_power -file mainInstantiation_power_routed.rpt -pb mainInstantiation_power_summary_routed.pb -rpx mainInstantiation_power_routed.rpx
| Design           : mainInstantiation
| Device           : xc7a200tsbg484-1
| Design State     : routed
| Grade            : commercial
| Process          : typical
| Characterization : Production
-------------------------------------------------------------------------------------------------------------------------------------------------------------------------

Power Report

Table of Contents
-----------------
1. Summary
1.1 On-Chip Components
1.2 Power Supply Summary
1.3 Confidence Level
2. Settings
2.1 Environment
2.2 Clock Constraints
3. Detailed Reports
3.1 By Hierarchy

1. Summary
----------

+--------------------------+--------------+
| Total On-Chip Power (W)  | 2.928        |
| Design Power Budget (W)  | Unspecified* |
| Power Budget Margin (W)  | NA           |
| Dynamic (W)              | 2.777        |
| Device Static (W)        | 0.151        |
| Effective TJA (C/W)      | 3.3          |
| Max Ambient (C)          | 75.3         |
| Junction Temperature (C) | 34.7         |
| Confidence Level         | Low          |
| Setting File             | ---          |
| Simulation Activity File | ---          |
| Design Nets Matched      | NA           |
+--------------------------+--------------+
* Specify Design Power Budget using, set_operating_conditions -design_power_budget <value in Watts>


1.1 On-Chip Components
----------------------

+----------------+-----------+----------+-----------+-----------------+
| On-Chip        | Power (W) | Used     | Available | Utilization (%) |
+----------------+-----------+----------+-----------+-----------------+
| Slice Logic    |     0.622 |      199 |       --- |             --- |
|   LUT as Logic |     0.540 |       71 |    133800 |            0.05 |
|   BUFG         |     0.052 |        9 |        32 |           28.13 |
|   Register     |     0.028 |       84 |    267600 |            0.03 |
|   Others       |     0.001 |       16 |       --- |             --- |
|   BUFR         |     0.000 |        1 |       160 |            0.63 |
| Signals        |     0.795 |      190 |       --- |             --- |
| PLL            |     1.074 |        1 |        10 |           10.00 |
| I/O            |     0.285 |       15 |       285 |            5.26 |
| Static Power   |     0.151 |          |           |                 |
| Total          |     2.928 |          |           |                 |
+----------------+-----------+----------+-----------+-----------------+


1.2 Power Supply Summary
------------------------

+-----------+-------------+-----------+-------------+------------+-------------+-------------+------------+
| Source    | Voltage (V) | Total (A) | Dynamic (A) | Static (A) | Powerup (A) | Budget (A)  | Margin (A) |
+-----------+-------------+-----------+-------------+------------+-------------+-------------+------------+
| Vccint    |       1.000 |     1.691 |       1.647 |      0.044 |       NA    | Unspecified | NA         |
| Vccaux    |       1.800 |     0.595 |       0.563 |      0.032 |       NA    | Unspecified | NA         |
| Vcco33    |       3.300 |     0.000 |       0.000 |      0.000 |       NA    | Unspecified | NA         |
| Vcco25    |       2.500 |     0.051 |       0.046 |      0.005 |       NA    | Unspecified | NA         |
| Vcco18    |       1.800 |     0.000 |       0.000 |      0.000 |       NA    | Unspecified | NA         |
| Vcco15    |       1.500 |     0.000 |       0.000 |      0.000 |       NA    | Unspecified | NA         |
| Vcco135   |       1.350 |     0.000 |       0.000 |      0.000 |       NA    | Unspecified | NA         |
| Vcco12    |       1.200 |     0.000 |       0.000 |      0.000 |       NA    | Unspecified | NA         |
| Vccaux_io |       1.800 |     0.000 |       0.000 |      0.000 |       NA    | Unspecified | NA         |
| Vccbram   |       1.000 |     0.001 |       0.000 |      0.001 |       NA    | Unspecified | NA         |
| MGTAVcc   |       1.000 |     0.000 |       0.000 |      0.000 |       NA    | Unspecified | NA         |
| MGTAVtt   |       1.200 |     0.000 |       0.000 |      0.000 |       NA    | Unspecified | NA         |
| Vccadc    |       1.800 |     0.020 |       0.000 |      0.020 |       NA    | Unspecified | NA         |
+-----------+-------------+-----------+-------------+------------+-------------+-------------+------------+


1.3 Confidence Level
--------------------

+-----------------------------+------------+--------------------------------------------------------+--------------------------------------------------------------------------------------------------------------------+
| User Input Data             | Confidence | Details                                                | Action                                                                                                             |
+-----------------------------+------------+--------------------------------------------------------+--------------------------------------------------------------------------------------------------------------------+
| Design implementation state | High       | Design is routed                                       |                                                                                                                    |
| Clock nodes activity        | Low        | User specified less than 75% of clocks                 | Provide missing clock activity with a constraint file, simulation results or by editing the "By Clock Domain" view |
| I/O nodes activity          | Low        | More than 75% of inputs are missing user specification | Provide missing input activity with simulation results or by editing the "By Resource Type -> I/Os" view           |
| Internal nodes activity     | Medium     | User specified less than 25% of internal nodes         | Provide missing internal nodes activity with simulation results or by editing the "By Resource Type" views         |
| Device models               | High       | Device models are Production                           |                                                                                                                    |
|                             |            |                                                        |                                                                                                                    |
| Overall confidence level    | Low        |                                                        |                                                                                                                    |
+-----------------------------+------------+--------------------------------------------------------+--------------------------------------------------------------------------------------------------------------------+


2. Settings
-----------

2.1 Environment
---------------

+-----------------------+--------------------------+
| Ambient Temp (C)      | 25.0                     |
| ThetaJA (C/W)         | 3.3                      |
| Airflow (LFM)         | 250                      |
| Heat Sink             | medium (Medium Profile)  |
| ThetaSA (C/W)         | 4.6                      |
| Board Selection       | medium (10"x10")         |
| # of Board Layers     | 12to15 (12 to 15 Layers) |
| Board Temperature (C) | 25.0                     |
+-----------------------+--------------------------+


2.2 Clock Constraints
---------------------

+-------+--------+-----------------+
| Clock | Domain | Constraint (ns) |
+-------+--------+-----------------+


3. Detailed Reports
-------------------

3.1 By Hierarchy
----------------

+----------------------------------+-----------+
| Name                             | Power (W) |
+----------------------------------+-----------+
| mainInstantiation                |     2.777 |
|   DfBfCLK_inst                   |     0.024 |
|   DfBfData_inst                  |     0.114 |
|   DfBfFrame_inst                 |     0.029 |
|   FiniteStateMachine_BitAllign   |     0.874 |
|   FiniteStateMachine_FrameAllign |     0.149 |
|   Mux_inst                       |     0.023 |
|     MuxA_ints                    |     0.007 |
|     MuxB_ints                    |     0.007 |
|     MuxC_ints                    |     0.008 |
|   Retriever_inst                 |     1.146 |
|     BuffFB_inst                  |     0.007 |
|     BuffPhase0_inst              |     0.006 |
|     BuffPhase1_inst              |     0.006 |
|     BuffPhase2_inst              |     0.006 |
|     BuffPhase3_inst              |     0.006 |
|     PLL_inst                     |     1.116 |
|   SERDES_inst                    |     0.282 |
+----------------------------------+-----------+


