Copyright 1986-2020 Xilinx, Inc. All Rights Reserved.
-----------------------------------------------------------------------------------------------
| Tool Version : Vivado v.2020.2 (lin64) Build 3064766 Wed Nov 18 09:12:47 MST 2020
| Date         : Thu May  5 21:33:32 2022
| Host         : daniel-VirtualBox running 64-bit Ubuntu 18.04.4 LTS
| Command      : report_utilization -hierarchical -file top_utilization_hierarchical_synth.rpt
| Design       : top
| Device       : 7a200tsbg484-1
| Design State : Synthesized
-----------------------------------------------------------------------------------------------

Utilization Design Information

Table of Contents
-----------------
1. Utilization by Hierarchy

1. Utilization by Hierarchy
---------------------------

+----------------------------+------------------------------------------+------------+------------+---------+------+-----+--------+--------+------------+
|          Instance          |                  Module                  | Total LUTs | Logic LUTs | LUTRAMs | SRLs | FFs | RAMB36 | RAMB18 | DSP Blocks |
+----------------------------+------------------------------------------+------------+------------+---------+------+-----+--------+--------+------------+
| top                        |                                    (top) |        588 |        588 |       0 |    0 | 185 |    320 |      0 |          0 |
|   (top)                    |                                    (top) |        129 |        129 |       0 |    0 | 185 |      0 |      0 |          0 |
|   FIFO_DUALCLOCK_MACRO     |                     FIFO_DUALCLOCK_MACRO |         10 |         10 |       0 |    0 |   0 |      1 |      0 |          0 |
|   FIFO_DUALCLOCK_MACRO_1   |     FIFO_DUALCLOCK_MACRO__parameterized0 |         12 |         12 |       0 |    0 |   0 |      1 |      0 |          0 |
|   FIFO_DUALCLOCK_MACRO_10  |     FIFO_DUALCLOCK_MACRO__parameterized1 |          1 |          1 |       0 |    0 |   0 |      1 |      0 |          0 |
|   FIFO_DUALCLOCK_MACRO_100 |   FIFO_DUALCLOCK_MACRO__parameterized1_0 |          1 |          1 |       0 |    0 |   0 |      1 |      0 |          0 |
|   FIFO_DUALCLOCK_MACRO_101 |   FIFO_DUALCLOCK_MACRO__parameterized1_1 |          1 |          1 |       0 |    0 |   0 |      1 |      0 |          0 |
|   FIFO_DUALCLOCK_MACRO_102 |   FIFO_DUALCLOCK_MACRO__parameterized1_2 |          1 |          1 |       0 |    0 |   0 |      1 |      0 |          0 |
|   FIFO_DUALCLOCK_MACRO_103 |   FIFO_DUALCLOCK_MACRO__parameterized1_3 |          1 |          1 |       0 |    0 |   0 |      1 |      0 |          0 |
|   FIFO_DUALCLOCK_MACRO_104 |   FIFO_DUALCLOCK_MACRO__parameterized1_4 |          1 |          1 |       0 |    0 |   0 |      1 |      0 |          0 |
|   FIFO_DUALCLOCK_MACRO_105 |   FIFO_DUALCLOCK_MACRO__parameterized1_5 |          1 |          1 |       0 |    0 |   0 |      1 |      0 |          0 |
|   FIFO_DUALCLOCK_MACRO_106 |   FIFO_DUALCLOCK_MACRO__parameterized1_6 |          1 |          1 |       0 |    0 |   0 |      1 |      0 |          0 |
|   FIFO_DUALCLOCK_MACRO_107 |   FIFO_DUALCLOCK_MACRO__parameterized1_7 |          1 |          1 |       0 |    0 |   0 |      1 |      0 |          0 |
|   FIFO_DUALCLOCK_MACRO_108 |   FIFO_DUALCLOCK_MACRO__parameterized1_8 |          1 |          1 |       0 |    0 |   0 |      1 |      0 |          0 |
|   FIFO_DUALCLOCK_MACRO_109 |   FIFO_DUALCLOCK_MACRO__parameterized1_9 |          1 |          1 |       0 |    0 |   0 |      1 |      0 |          0 |
|   FIFO_DUALCLOCK_MACRO_11  |  FIFO_DUALCLOCK_MACRO__parameterized1_10 |          1 |          1 |       0 |    0 |   0 |      1 |      0 |          0 |
|   FIFO_DUALCLOCK_MACRO_110 |  FIFO_DUALCLOCK_MACRO__parameterized1_11 |          1 |          1 |       0 |    0 |   0 |      1 |      0 |          0 |
|   FIFO_DUALCLOCK_MACRO_111 |  FIFO_DUALCLOCK_MACRO__parameterized1_12 |          1 |          1 |       0 |    0 |   0 |      1 |      0 |          0 |
|   FIFO_DUALCLOCK_MACRO_112 |  FIFO_DUALCLOCK_MACRO__parameterized1_13 |          1 |          1 |       0 |    0 |   0 |      1 |      0 |          0 |
|   FIFO_DUALCLOCK_MACRO_113 |  FIFO_DUALCLOCK_MACRO__parameterized1_14 |          1 |          1 |       0 |    0 |   0 |      1 |      0 |          0 |
|   FIFO_DUALCLOCK_MACRO_114 |  FIFO_DUALCLOCK_MACRO__parameterized1_15 |          1 |          1 |       0 |    0 |   0 |      1 |      0 |          0 |
|   FIFO_DUALCLOCK_MACRO_115 |  FIFO_DUALCLOCK_MACRO__parameterized1_16 |          1 |          1 |       0 |    0 |   0 |      1 |      0 |          0 |
|   FIFO_DUALCLOCK_MACRO_116 |  FIFO_DUALCLOCK_MACRO__parameterized1_17 |          1 |          1 |       0 |    0 |   0 |      1 |      0 |          0 |
|   FIFO_DUALCLOCK_MACRO_117 |  FIFO_DUALCLOCK_MACRO__parameterized1_18 |          1 |          1 |       0 |    0 |   0 |      1 |      0 |          0 |
|   FIFO_DUALCLOCK_MACRO_118 |  FIFO_DUALCLOCK_MACRO__parameterized1_19 |          1 |          1 |       0 |    0 |   0 |      1 |      0 |          0 |
|   FIFO_DUALCLOCK_MACRO_119 |  FIFO_DUALCLOCK_MACRO__parameterized1_20 |          2 |          2 |       0 |    0 |   0 |      1 |      0 |          0 |
|   FIFO_DUALCLOCK_MACRO_12  |  FIFO_DUALCLOCK_MACRO__parameterized1_21 |          1 |          1 |       0 |    0 |   0 |      1 |      0 |          0 |
|   FIFO_DUALCLOCK_MACRO_120 |                  FIFO_DUALCLOCK_MACRO_22 |         23 |         23 |       0 |    0 |   0 |      1 |      0 |          0 |
|   FIFO_DUALCLOCK_MACRO_121 |  FIFO_DUALCLOCK_MACRO__parameterized0_23 |         25 |         25 |       0 |    0 |   0 |      1 |      0 |          0 |
|   FIFO_DUALCLOCK_MACRO_122 |  FIFO_DUALCLOCK_MACRO__parameterized1_24 |          1 |          1 |       0 |    0 |   0 |      1 |      0 |          0 |
|   FIFO_DUALCLOCK_MACRO_123 |  FIFO_DUALCLOCK_MACRO__parameterized1_25 |          1 |          1 |       0 |    0 |   0 |      1 |      0 |          0 |
|   FIFO_DUALCLOCK_MACRO_124 |  FIFO_DUALCLOCK_MACRO__parameterized1_26 |          1 |          1 |       0 |    0 |   0 |      1 |      0 |          0 |
|   FIFO_DUALCLOCK_MACRO_125 |  FIFO_DUALCLOCK_MACRO__parameterized1_27 |          1 |          1 |       0 |    0 |   0 |      1 |      0 |          0 |
|   FIFO_DUALCLOCK_MACRO_126 |  FIFO_DUALCLOCK_MACRO__parameterized1_28 |          1 |          1 |       0 |    0 |   0 |      1 |      0 |          0 |
|   FIFO_DUALCLOCK_MACRO_127 |  FIFO_DUALCLOCK_MACRO__parameterized1_29 |          1 |          1 |       0 |    0 |   0 |      1 |      0 |          0 |
|   FIFO_DUALCLOCK_MACRO_128 |  FIFO_DUALCLOCK_MACRO__parameterized1_30 |          1 |          1 |       0 |    0 |   0 |      1 |      0 |          0 |
|   FIFO_DUALCLOCK_MACRO_129 |  FIFO_DUALCLOCK_MACRO__parameterized1_31 |          1 |          1 |       0 |    0 |   0 |      1 |      0 |          0 |
|   FIFO_DUALCLOCK_MACRO_13  |  FIFO_DUALCLOCK_MACRO__parameterized1_32 |          1 |          1 |       0 |    0 |   0 |      1 |      0 |          0 |
|   FIFO_DUALCLOCK_MACRO_130 |  FIFO_DUALCLOCK_MACRO__parameterized1_33 |          1 |          1 |       0 |    0 |   0 |      1 |      0 |          0 |
|   FIFO_DUALCLOCK_MACRO_131 |  FIFO_DUALCLOCK_MACRO__parameterized1_34 |          1 |          1 |       0 |    0 |   0 |      1 |      0 |          0 |
|   FIFO_DUALCLOCK_MACRO_132 |  FIFO_DUALCLOCK_MACRO__parameterized1_35 |          1 |          1 |       0 |    0 |   0 |      1 |      0 |          0 |
|   FIFO_DUALCLOCK_MACRO_133 |  FIFO_DUALCLOCK_MACRO__parameterized1_36 |          1 |          1 |       0 |    0 |   0 |      1 |      0 |          0 |
|   FIFO_DUALCLOCK_MACRO_134 |  FIFO_DUALCLOCK_MACRO__parameterized1_37 |          1 |          1 |       0 |    0 |   0 |      1 |      0 |          0 |
|   FIFO_DUALCLOCK_MACRO_135 |  FIFO_DUALCLOCK_MACRO__parameterized1_38 |          1 |          1 |       0 |    0 |   0 |      1 |      0 |          0 |
|   FIFO_DUALCLOCK_MACRO_136 |  FIFO_DUALCLOCK_MACRO__parameterized1_39 |          1 |          1 |       0 |    0 |   0 |      1 |      0 |          0 |
|   FIFO_DUALCLOCK_MACRO_137 |  FIFO_DUALCLOCK_MACRO__parameterized1_40 |          1 |          1 |       0 |    0 |   0 |      1 |      0 |          0 |
|   FIFO_DUALCLOCK_MACRO_138 |  FIFO_DUALCLOCK_MACRO__parameterized1_41 |          1 |          1 |       0 |    0 |   0 |      1 |      0 |          0 |
|   FIFO_DUALCLOCK_MACRO_139 |  FIFO_DUALCLOCK_MACRO__parameterized1_42 |          1 |          1 |       0 |    0 |   0 |      1 |      0 |          0 |
|   FIFO_DUALCLOCK_MACRO_14  |  FIFO_DUALCLOCK_MACRO__parameterized1_43 |          1 |          1 |       0 |    0 |   0 |      1 |      0 |          0 |
|   FIFO_DUALCLOCK_MACRO_140 |  FIFO_DUALCLOCK_MACRO__parameterized1_44 |          1 |          1 |       0 |    0 |   0 |      1 |      0 |          0 |
|   FIFO_DUALCLOCK_MACRO_141 |  FIFO_DUALCLOCK_MACRO__parameterized1_45 |          1 |          1 |       0 |    0 |   0 |      1 |      0 |          0 |
|   FIFO_DUALCLOCK_MACRO_142 |  FIFO_DUALCLOCK_MACRO__parameterized1_46 |          1 |          1 |       0 |    0 |   0 |      1 |      0 |          0 |
|   FIFO_DUALCLOCK_MACRO_143 |  FIFO_DUALCLOCK_MACRO__parameterized1_47 |          1 |          1 |       0 |    0 |   0 |      1 |      0 |          0 |
|   FIFO_DUALCLOCK_MACRO_144 |  FIFO_DUALCLOCK_MACRO__parameterized1_48 |          1 |          1 |       0 |    0 |   0 |      1 |      0 |          0 |
|   FIFO_DUALCLOCK_MACRO_145 |  FIFO_DUALCLOCK_MACRO__parameterized1_49 |          1 |          1 |       0 |    0 |   0 |      1 |      0 |          0 |
|   FIFO_DUALCLOCK_MACRO_146 |  FIFO_DUALCLOCK_MACRO__parameterized1_50 |          1 |          1 |       0 |    0 |   0 |      1 |      0 |          0 |
|   FIFO_DUALCLOCK_MACRO_147 |  FIFO_DUALCLOCK_MACRO__parameterized1_51 |          1 |          1 |       0 |    0 |   0 |      1 |      0 |          0 |
|   FIFO_DUALCLOCK_MACRO_148 |  FIFO_DUALCLOCK_MACRO__parameterized1_52 |          1 |          1 |       0 |    0 |   0 |      1 |      0 |          0 |
|   FIFO_DUALCLOCK_MACRO_149 |  FIFO_DUALCLOCK_MACRO__parameterized1_53 |          1 |          1 |       0 |    0 |   0 |      1 |      0 |          0 |
|   FIFO_DUALCLOCK_MACRO_15  |  FIFO_DUALCLOCK_MACRO__parameterized1_54 |          1 |          1 |       0 |    0 |   0 |      1 |      0 |          0 |
|   FIFO_DUALCLOCK_MACRO_150 |  FIFO_DUALCLOCK_MACRO__parameterized1_55 |          1 |          1 |       0 |    0 |   0 |      1 |      0 |          0 |
|   FIFO_DUALCLOCK_MACRO_151 |  FIFO_DUALCLOCK_MACRO__parameterized1_56 |          1 |          1 |       0 |    0 |   0 |      1 |      0 |          0 |
|   FIFO_DUALCLOCK_MACRO_152 |  FIFO_DUALCLOCK_MACRO__parameterized1_57 |          1 |          1 |       0 |    0 |   0 |      1 |      0 |          0 |
|   FIFO_DUALCLOCK_MACRO_153 |  FIFO_DUALCLOCK_MACRO__parameterized1_58 |          1 |          1 |       0 |    0 |   0 |      1 |      0 |          0 |
|   FIFO_DUALCLOCK_MACRO_154 |  FIFO_DUALCLOCK_MACRO__parameterized1_59 |          1 |          1 |       0 |    0 |   0 |      1 |      0 |          0 |
|   FIFO_DUALCLOCK_MACRO_155 |  FIFO_DUALCLOCK_MACRO__parameterized1_60 |          1 |          1 |       0 |    0 |   0 |      1 |      0 |          0 |
|   FIFO_DUALCLOCK_MACRO_156 |  FIFO_DUALCLOCK_MACRO__parameterized1_61 |          1 |          1 |       0 |    0 |   0 |      1 |      0 |          0 |
|   FIFO_DUALCLOCK_MACRO_157 |  FIFO_DUALCLOCK_MACRO__parameterized1_62 |          1 |          1 |       0 |    0 |   0 |      1 |      0 |          0 |
|   FIFO_DUALCLOCK_MACRO_158 |  FIFO_DUALCLOCK_MACRO__parameterized1_63 |          1 |          1 |       0 |    0 |   0 |      1 |      0 |          0 |
|   FIFO_DUALCLOCK_MACRO_159 |  FIFO_DUALCLOCK_MACRO__parameterized1_64 |          2 |          2 |       0 |    0 |   0 |      1 |      0 |          0 |
|   FIFO_DUALCLOCK_MACRO_16  |  FIFO_DUALCLOCK_MACRO__parameterized1_65 |          1 |          1 |       0 |    0 |   0 |      1 |      0 |          0 |
|   FIFO_DUALCLOCK_MACRO_160 |                  FIFO_DUALCLOCK_MACRO_66 |          3 |          3 |       0 |    0 |   0 |      1 |      0 |          0 |
|   FIFO_DUALCLOCK_MACRO_161 |  FIFO_DUALCLOCK_MACRO__parameterized0_67 |          3 |          3 |       0 |    0 |   0 |      1 |      0 |          0 |
|   FIFO_DUALCLOCK_MACRO_162 |  FIFO_DUALCLOCK_MACRO__parameterized1_68 |          1 |          1 |       0 |    0 |   0 |      1 |      0 |          0 |
|   FIFO_DUALCLOCK_MACRO_163 |  FIFO_DUALCLOCK_MACRO__parameterized1_69 |          1 |          1 |       0 |    0 |   0 |      1 |      0 |          0 |
|   FIFO_DUALCLOCK_MACRO_164 |  FIFO_DUALCLOCK_MACRO__parameterized1_70 |          1 |          1 |       0 |    0 |   0 |      1 |      0 |          0 |
|   FIFO_DUALCLOCK_MACRO_165 |  FIFO_DUALCLOCK_MACRO__parameterized1_71 |          1 |          1 |       0 |    0 |   0 |      1 |      0 |          0 |
|   FIFO_DUALCLOCK_MACRO_166 |  FIFO_DUALCLOCK_MACRO__parameterized1_72 |          1 |          1 |       0 |    0 |   0 |      1 |      0 |          0 |
|   FIFO_DUALCLOCK_MACRO_167 |  FIFO_DUALCLOCK_MACRO__parameterized1_73 |          1 |          1 |       0 |    0 |   0 |      1 |      0 |          0 |
|   FIFO_DUALCLOCK_MACRO_168 |  FIFO_DUALCLOCK_MACRO__parameterized1_74 |          1 |          1 |       0 |    0 |   0 |      1 |      0 |          0 |
|   FIFO_DUALCLOCK_MACRO_169 |  FIFO_DUALCLOCK_MACRO__parameterized1_75 |          1 |          1 |       0 |    0 |   0 |      1 |      0 |          0 |
|   FIFO_DUALCLOCK_MACRO_17  |  FIFO_DUALCLOCK_MACRO__parameterized1_76 |          1 |          1 |       0 |    0 |   0 |      1 |      0 |          0 |
|   FIFO_DUALCLOCK_MACRO_170 |  FIFO_DUALCLOCK_MACRO__parameterized1_77 |          1 |          1 |       0 |    0 |   0 |      1 |      0 |          0 |
|   FIFO_DUALCLOCK_MACRO_171 |  FIFO_DUALCLOCK_MACRO__parameterized1_78 |          1 |          1 |       0 |    0 |   0 |      1 |      0 |          0 |
|   FIFO_DUALCLOCK_MACRO_172 |  FIFO_DUALCLOCK_MACRO__parameterized1_79 |          1 |          1 |       0 |    0 |   0 |      1 |      0 |          0 |
|   FIFO_DUALCLOCK_MACRO_173 |  FIFO_DUALCLOCK_MACRO__parameterized1_80 |          1 |          1 |       0 |    0 |   0 |      1 |      0 |          0 |
|   FIFO_DUALCLOCK_MACRO_174 |  FIFO_DUALCLOCK_MACRO__parameterized1_81 |          1 |          1 |       0 |    0 |   0 |      1 |      0 |          0 |
|   FIFO_DUALCLOCK_MACRO_175 |  FIFO_DUALCLOCK_MACRO__parameterized1_82 |          1 |          1 |       0 |    0 |   0 |      1 |      0 |          0 |
|   FIFO_DUALCLOCK_MACRO_176 |  FIFO_DUALCLOCK_MACRO__parameterized1_83 |          1 |          1 |       0 |    0 |   0 |      1 |      0 |          0 |
|   FIFO_DUALCLOCK_MACRO_177 |  FIFO_DUALCLOCK_MACRO__parameterized1_84 |          1 |          1 |       0 |    0 |   0 |      1 |      0 |          0 |
|   FIFO_DUALCLOCK_MACRO_178 |  FIFO_DUALCLOCK_MACRO__parameterized1_85 |          1 |          1 |       0 |    0 |   0 |      1 |      0 |          0 |
|   FIFO_DUALCLOCK_MACRO_179 |  FIFO_DUALCLOCK_MACRO__parameterized1_86 |          1 |          1 |       0 |    0 |   0 |      1 |      0 |          0 |
|   FIFO_DUALCLOCK_MACRO_18  |  FIFO_DUALCLOCK_MACRO__parameterized1_87 |          1 |          1 |       0 |    0 |   0 |      1 |      0 |          0 |
|   FIFO_DUALCLOCK_MACRO_180 |  FIFO_DUALCLOCK_MACRO__parameterized1_88 |          1 |          1 |       0 |    0 |   0 |      1 |      0 |          0 |
|   FIFO_DUALCLOCK_MACRO_181 |  FIFO_DUALCLOCK_MACRO__parameterized1_89 |          1 |          1 |       0 |    0 |   0 |      1 |      0 |          0 |
|   FIFO_DUALCLOCK_MACRO_182 |  FIFO_DUALCLOCK_MACRO__parameterized1_90 |          1 |          1 |       0 |    0 |   0 |      1 |      0 |          0 |
|   FIFO_DUALCLOCK_MACRO_183 |  FIFO_DUALCLOCK_MACRO__parameterized1_91 |          1 |          1 |       0 |    0 |   0 |      1 |      0 |          0 |
|   FIFO_DUALCLOCK_MACRO_184 |  FIFO_DUALCLOCK_MACRO__parameterized1_92 |          1 |          1 |       0 |    0 |   0 |      1 |      0 |          0 |
|   FIFO_DUALCLOCK_MACRO_185 |  FIFO_DUALCLOCK_MACRO__parameterized1_93 |          1 |          1 |       0 |    0 |   0 |      1 |      0 |          0 |
|   FIFO_DUALCLOCK_MACRO_186 |  FIFO_DUALCLOCK_MACRO__parameterized1_94 |          1 |          1 |       0 |    0 |   0 |      1 |      0 |          0 |
|   FIFO_DUALCLOCK_MACRO_187 |  FIFO_DUALCLOCK_MACRO__parameterized1_95 |          1 |          1 |       0 |    0 |   0 |      1 |      0 |          0 |
|   FIFO_DUALCLOCK_MACRO_188 |  FIFO_DUALCLOCK_MACRO__parameterized1_96 |          1 |          1 |       0 |    0 |   0 |      1 |      0 |          0 |
|   FIFO_DUALCLOCK_MACRO_189 |  FIFO_DUALCLOCK_MACRO__parameterized1_97 |          1 |          1 |       0 |    0 |   0 |      1 |      0 |          0 |
|   FIFO_DUALCLOCK_MACRO_19  |  FIFO_DUALCLOCK_MACRO__parameterized1_98 |          1 |          1 |       0 |    0 |   0 |      1 |      0 |          0 |
|   FIFO_DUALCLOCK_MACRO_190 |  FIFO_DUALCLOCK_MACRO__parameterized1_99 |          1 |          1 |       0 |    0 |   0 |      1 |      0 |          0 |
|   FIFO_DUALCLOCK_MACRO_191 | FIFO_DUALCLOCK_MACRO__parameterized1_100 |          1 |          1 |       0 |    0 |   0 |      1 |      0 |          0 |
|   FIFO_DUALCLOCK_MACRO_192 | FIFO_DUALCLOCK_MACRO__parameterized1_101 |          1 |          1 |       0 |    0 |   0 |      1 |      0 |          0 |
|   FIFO_DUALCLOCK_MACRO_193 | FIFO_DUALCLOCK_MACRO__parameterized1_102 |          1 |          1 |       0 |    0 |   0 |      1 |      0 |          0 |
|   FIFO_DUALCLOCK_MACRO_194 | FIFO_DUALCLOCK_MACRO__parameterized1_103 |          1 |          1 |       0 |    0 |   0 |      1 |      0 |          0 |
|   FIFO_DUALCLOCK_MACRO_195 | FIFO_DUALCLOCK_MACRO__parameterized1_104 |          1 |          1 |       0 |    0 |   0 |      1 |      0 |          0 |
|   FIFO_DUALCLOCK_MACRO_196 | FIFO_DUALCLOCK_MACRO__parameterized1_105 |          1 |          1 |       0 |    0 |   0 |      1 |      0 |          0 |
|   FIFO_DUALCLOCK_MACRO_197 | FIFO_DUALCLOCK_MACRO__parameterized1_106 |          1 |          1 |       0 |    0 |   0 |      1 |      0 |          0 |
|   FIFO_DUALCLOCK_MACRO_198 | FIFO_DUALCLOCK_MACRO__parameterized1_107 |          1 |          1 |       0 |    0 |   0 |      1 |      0 |          0 |
|   FIFO_DUALCLOCK_MACRO_199 | FIFO_DUALCLOCK_MACRO__parameterized1_108 |          2 |          2 |       0 |    0 |   0 |      1 |      0 |          0 |
|   FIFO_DUALCLOCK_MACRO_2   | FIFO_DUALCLOCK_MACRO__parameterized1_109 |          1 |          1 |       0 |    0 |   0 |      1 |      0 |          0 |
|   FIFO_DUALCLOCK_MACRO_20  | FIFO_DUALCLOCK_MACRO__parameterized1_110 |          1 |          1 |       0 |    0 |   0 |      1 |      0 |          0 |
|   FIFO_DUALCLOCK_MACRO_200 |                 FIFO_DUALCLOCK_MACRO_111 |          3 |          3 |       0 |    0 |   0 |      1 |      0 |          0 |
|   FIFO_DUALCLOCK_MACRO_201 | FIFO_DUALCLOCK_MACRO__parameterized0_112 |          3 |          3 |       0 |    0 |   0 |      1 |      0 |          0 |
|   FIFO_DUALCLOCK_MACRO_202 | FIFO_DUALCLOCK_MACRO__parameterized1_113 |          1 |          1 |       0 |    0 |   0 |      1 |      0 |          0 |
|   FIFO_DUALCLOCK_MACRO_203 | FIFO_DUALCLOCK_MACRO__parameterized1_114 |          1 |          1 |       0 |    0 |   0 |      1 |      0 |          0 |
|   FIFO_DUALCLOCK_MACRO_204 | FIFO_DUALCLOCK_MACRO__parameterized1_115 |          1 |          1 |       0 |    0 |   0 |      1 |      0 |          0 |
|   FIFO_DUALCLOCK_MACRO_205 | FIFO_DUALCLOCK_MACRO__parameterized1_116 |          1 |          1 |       0 |    0 |   0 |      1 |      0 |          0 |
|   FIFO_DUALCLOCK_MACRO_206 | FIFO_DUALCLOCK_MACRO__parameterized1_117 |          1 |          1 |       0 |    0 |   0 |      1 |      0 |          0 |
|   FIFO_DUALCLOCK_MACRO_207 | FIFO_DUALCLOCK_MACRO__parameterized1_118 |          1 |          1 |       0 |    0 |   0 |      1 |      0 |          0 |
|   FIFO_DUALCLOCK_MACRO_208 | FIFO_DUALCLOCK_MACRO__parameterized1_119 |          1 |          1 |       0 |    0 |   0 |      1 |      0 |          0 |
|   FIFO_DUALCLOCK_MACRO_209 | FIFO_DUALCLOCK_MACRO__parameterized1_120 |          1 |          1 |       0 |    0 |   0 |      1 |      0 |          0 |
|   FIFO_DUALCLOCK_MACRO_21  | FIFO_DUALCLOCK_MACRO__parameterized1_121 |          1 |          1 |       0 |    0 |   0 |      1 |      0 |          0 |
|   FIFO_DUALCLOCK_MACRO_210 | FIFO_DUALCLOCK_MACRO__parameterized1_122 |          1 |          1 |       0 |    0 |   0 |      1 |      0 |          0 |
|   FIFO_DUALCLOCK_MACRO_211 | FIFO_DUALCLOCK_MACRO__parameterized1_123 |          1 |          1 |       0 |    0 |   0 |      1 |      0 |          0 |
|   FIFO_DUALCLOCK_MACRO_212 | FIFO_DUALCLOCK_MACRO__parameterized1_124 |          1 |          1 |       0 |    0 |   0 |      1 |      0 |          0 |
|   FIFO_DUALCLOCK_MACRO_213 | FIFO_DUALCLOCK_MACRO__parameterized1_125 |          1 |          1 |       0 |    0 |   0 |      1 |      0 |          0 |
|   FIFO_DUALCLOCK_MACRO_214 | FIFO_DUALCLOCK_MACRO__parameterized1_126 |          1 |          1 |       0 |    0 |   0 |      1 |      0 |          0 |
|   FIFO_DUALCLOCK_MACRO_215 | FIFO_DUALCLOCK_MACRO__parameterized1_127 |          1 |          1 |       0 |    0 |   0 |      1 |      0 |          0 |
|   FIFO_DUALCLOCK_MACRO_216 | FIFO_DUALCLOCK_MACRO__parameterized1_128 |          1 |          1 |       0 |    0 |   0 |      1 |      0 |          0 |
|   FIFO_DUALCLOCK_MACRO_217 | FIFO_DUALCLOCK_MACRO__parameterized1_129 |          1 |          1 |       0 |    0 |   0 |      1 |      0 |          0 |
|   FIFO_DUALCLOCK_MACRO_218 | FIFO_DUALCLOCK_MACRO__parameterized1_130 |          1 |          1 |       0 |    0 |   0 |      1 |      0 |          0 |
|   FIFO_DUALCLOCK_MACRO_219 | FIFO_DUALCLOCK_MACRO__parameterized1_131 |          1 |          1 |       0 |    0 |   0 |      1 |      0 |          0 |
|   FIFO_DUALCLOCK_MACRO_22  | FIFO_DUALCLOCK_MACRO__parameterized1_132 |          1 |          1 |       0 |    0 |   0 |      1 |      0 |          0 |
|   FIFO_DUALCLOCK_MACRO_220 | FIFO_DUALCLOCK_MACRO__parameterized1_133 |          1 |          1 |       0 |    0 |   0 |      1 |      0 |          0 |
|   FIFO_DUALCLOCK_MACRO_221 | FIFO_DUALCLOCK_MACRO__parameterized1_134 |          1 |          1 |       0 |    0 |   0 |      1 |      0 |          0 |
|   FIFO_DUALCLOCK_MACRO_222 | FIFO_DUALCLOCK_MACRO__parameterized1_135 |          1 |          1 |       0 |    0 |   0 |      1 |      0 |          0 |
|   FIFO_DUALCLOCK_MACRO_223 | FIFO_DUALCLOCK_MACRO__parameterized1_136 |          1 |          1 |       0 |    0 |   0 |      1 |      0 |          0 |
|   FIFO_DUALCLOCK_MACRO_224 | FIFO_DUALCLOCK_MACRO__parameterized1_137 |          1 |          1 |       0 |    0 |   0 |      1 |      0 |          0 |
|   FIFO_DUALCLOCK_MACRO_225 | FIFO_DUALCLOCK_MACRO__parameterized1_138 |          1 |          1 |       0 |    0 |   0 |      1 |      0 |          0 |
|   FIFO_DUALCLOCK_MACRO_226 | FIFO_DUALCLOCK_MACRO__parameterized1_139 |          1 |          1 |       0 |    0 |   0 |      1 |      0 |          0 |
|   FIFO_DUALCLOCK_MACRO_227 | FIFO_DUALCLOCK_MACRO__parameterized1_140 |          1 |          1 |       0 |    0 |   0 |      1 |      0 |          0 |
|   FIFO_DUALCLOCK_MACRO_228 | FIFO_DUALCLOCK_MACRO__parameterized1_141 |          1 |          1 |       0 |    0 |   0 |      1 |      0 |          0 |
|   FIFO_DUALCLOCK_MACRO_229 | FIFO_DUALCLOCK_MACRO__parameterized1_142 |          1 |          1 |       0 |    0 |   0 |      1 |      0 |          0 |
|   FIFO_DUALCLOCK_MACRO_23  | FIFO_DUALCLOCK_MACRO__parameterized1_143 |          1 |          1 |       0 |    0 |   0 |      1 |      0 |          0 |
|   FIFO_DUALCLOCK_MACRO_230 | FIFO_DUALCLOCK_MACRO__parameterized1_144 |          1 |          1 |       0 |    0 |   0 |      1 |      0 |          0 |
|   FIFO_DUALCLOCK_MACRO_231 | FIFO_DUALCLOCK_MACRO__parameterized1_145 |          1 |          1 |       0 |    0 |   0 |      1 |      0 |          0 |
|   FIFO_DUALCLOCK_MACRO_232 | FIFO_DUALCLOCK_MACRO__parameterized1_146 |          1 |          1 |       0 |    0 |   0 |      1 |      0 |          0 |
|   FIFO_DUALCLOCK_MACRO_233 | FIFO_DUALCLOCK_MACRO__parameterized1_147 |          1 |          1 |       0 |    0 |   0 |      1 |      0 |          0 |
|   FIFO_DUALCLOCK_MACRO_234 | FIFO_DUALCLOCK_MACRO__parameterized1_148 |          1 |          1 |       0 |    0 |   0 |      1 |      0 |          0 |
|   FIFO_DUALCLOCK_MACRO_235 | FIFO_DUALCLOCK_MACRO__parameterized1_149 |          1 |          1 |       0 |    0 |   0 |      1 |      0 |          0 |
|   FIFO_DUALCLOCK_MACRO_236 | FIFO_DUALCLOCK_MACRO__parameterized1_150 |          1 |          1 |       0 |    0 |   0 |      1 |      0 |          0 |
|   FIFO_DUALCLOCK_MACRO_237 | FIFO_DUALCLOCK_MACRO__parameterized1_151 |          1 |          1 |       0 |    0 |   0 |      1 |      0 |          0 |
|   FIFO_DUALCLOCK_MACRO_238 | FIFO_DUALCLOCK_MACRO__parameterized1_152 |          1 |          1 |       0 |    0 |   0 |      1 |      0 |          0 |
|   FIFO_DUALCLOCK_MACRO_239 | FIFO_DUALCLOCK_MACRO__parameterized1_153 |          2 |          2 |       0 |    0 |   0 |      1 |      0 |          0 |
|   FIFO_DUALCLOCK_MACRO_24  | FIFO_DUALCLOCK_MACRO__parameterized1_154 |          1 |          1 |       0 |    0 |   0 |      1 |      0 |          0 |
|   FIFO_DUALCLOCK_MACRO_240 |                 FIFO_DUALCLOCK_MACRO_155 |          6 |          6 |       0 |    0 |   0 |      1 |      0 |          0 |
|   FIFO_DUALCLOCK_MACRO_241 | FIFO_DUALCLOCK_MACRO__parameterized0_156 |          4 |          4 |       0 |    0 |   0 |      1 |      0 |          0 |
|   FIFO_DUALCLOCK_MACRO_242 | FIFO_DUALCLOCK_MACRO__parameterized1_157 |          1 |          1 |       0 |    0 |   0 |      1 |      0 |          0 |
|   FIFO_DUALCLOCK_MACRO_243 | FIFO_DUALCLOCK_MACRO__parameterized1_158 |          1 |          1 |       0 |    0 |   0 |      1 |      0 |          0 |
|   FIFO_DUALCLOCK_MACRO_244 | FIFO_DUALCLOCK_MACRO__parameterized1_159 |          1 |          1 |       0 |    0 |   0 |      1 |      0 |          0 |
|   FIFO_DUALCLOCK_MACRO_245 | FIFO_DUALCLOCK_MACRO__parameterized1_160 |          1 |          1 |       0 |    0 |   0 |      1 |      0 |          0 |
|   FIFO_DUALCLOCK_MACRO_246 | FIFO_DUALCLOCK_MACRO__parameterized1_161 |          1 |          1 |       0 |    0 |   0 |      1 |      0 |          0 |
|   FIFO_DUALCLOCK_MACRO_247 | FIFO_DUALCLOCK_MACRO__parameterized1_162 |          1 |          1 |       0 |    0 |   0 |      1 |      0 |          0 |
|   FIFO_DUALCLOCK_MACRO_248 | FIFO_DUALCLOCK_MACRO__parameterized1_163 |          1 |          1 |       0 |    0 |   0 |      1 |      0 |          0 |
|   FIFO_DUALCLOCK_MACRO_249 | FIFO_DUALCLOCK_MACRO__parameterized1_164 |          1 |          1 |       0 |    0 |   0 |      1 |      0 |          0 |
|   FIFO_DUALCLOCK_MACRO_25  | FIFO_DUALCLOCK_MACRO__parameterized1_165 |          1 |          1 |       0 |    0 |   0 |      1 |      0 |          0 |
|   FIFO_DUALCLOCK_MACRO_250 | FIFO_DUALCLOCK_MACRO__parameterized1_166 |          1 |          1 |       0 |    0 |   0 |      1 |      0 |          0 |
|   FIFO_DUALCLOCK_MACRO_251 | FIFO_DUALCLOCK_MACRO__parameterized1_167 |          1 |          1 |       0 |    0 |   0 |      1 |      0 |          0 |
|   FIFO_DUALCLOCK_MACRO_252 | FIFO_DUALCLOCK_MACRO__parameterized1_168 |          1 |          1 |       0 |    0 |   0 |      1 |      0 |          0 |
|   FIFO_DUALCLOCK_MACRO_253 | FIFO_DUALCLOCK_MACRO__parameterized1_169 |          1 |          1 |       0 |    0 |   0 |      1 |      0 |          0 |
|   FIFO_DUALCLOCK_MACRO_254 | FIFO_DUALCLOCK_MACRO__parameterized1_170 |          1 |          1 |       0 |    0 |   0 |      1 |      0 |          0 |
|   FIFO_DUALCLOCK_MACRO_255 | FIFO_DUALCLOCK_MACRO__parameterized1_171 |          1 |          1 |       0 |    0 |   0 |      1 |      0 |          0 |
|   FIFO_DUALCLOCK_MACRO_256 | FIFO_DUALCLOCK_MACRO__parameterized1_172 |          1 |          1 |       0 |    0 |   0 |      1 |      0 |          0 |
|   FIFO_DUALCLOCK_MACRO_257 | FIFO_DUALCLOCK_MACRO__parameterized1_173 |          1 |          1 |       0 |    0 |   0 |      1 |      0 |          0 |
|   FIFO_DUALCLOCK_MACRO_258 | FIFO_DUALCLOCK_MACRO__parameterized1_174 |          1 |          1 |       0 |    0 |   0 |      1 |      0 |          0 |
|   FIFO_DUALCLOCK_MACRO_259 | FIFO_DUALCLOCK_MACRO__parameterized1_175 |          1 |          1 |       0 |    0 |   0 |      1 |      0 |          0 |
|   FIFO_DUALCLOCK_MACRO_26  | FIFO_DUALCLOCK_MACRO__parameterized1_176 |          1 |          1 |       0 |    0 |   0 |      1 |      0 |          0 |
|   FIFO_DUALCLOCK_MACRO_260 | FIFO_DUALCLOCK_MACRO__parameterized1_177 |          1 |          1 |       0 |    0 |   0 |      1 |      0 |          0 |
|   FIFO_DUALCLOCK_MACRO_261 | FIFO_DUALCLOCK_MACRO__parameterized1_178 |          1 |          1 |       0 |    0 |   0 |      1 |      0 |          0 |
|   FIFO_DUALCLOCK_MACRO_262 | FIFO_DUALCLOCK_MACRO__parameterized1_179 |          1 |          1 |       0 |    0 |   0 |      1 |      0 |          0 |
|   FIFO_DUALCLOCK_MACRO_263 | FIFO_DUALCLOCK_MACRO__parameterized1_180 |          1 |          1 |       0 |    0 |   0 |      1 |      0 |          0 |
|   FIFO_DUALCLOCK_MACRO_264 | FIFO_DUALCLOCK_MACRO__parameterized1_181 |          1 |          1 |       0 |    0 |   0 |      1 |      0 |          0 |
|   FIFO_DUALCLOCK_MACRO_265 | FIFO_DUALCLOCK_MACRO__parameterized1_182 |          1 |          1 |       0 |    0 |   0 |      1 |      0 |          0 |
|   FIFO_DUALCLOCK_MACRO_266 | FIFO_DUALCLOCK_MACRO__parameterized1_183 |          1 |          1 |       0 |    0 |   0 |      1 |      0 |          0 |
|   FIFO_DUALCLOCK_MACRO_267 | FIFO_DUALCLOCK_MACRO__parameterized1_184 |          1 |          1 |       0 |    0 |   0 |      1 |      0 |          0 |
|   FIFO_DUALCLOCK_MACRO_268 | FIFO_DUALCLOCK_MACRO__parameterized1_185 |          1 |          1 |       0 |    0 |   0 |      1 |      0 |          0 |
|   FIFO_DUALCLOCK_MACRO_269 | FIFO_DUALCLOCK_MACRO__parameterized1_186 |          1 |          1 |       0 |    0 |   0 |      1 |      0 |          0 |
|   FIFO_DUALCLOCK_MACRO_27  | FIFO_DUALCLOCK_MACRO__parameterized1_187 |          1 |          1 |       0 |    0 |   0 |      1 |      0 |          0 |
|   FIFO_DUALCLOCK_MACRO_270 | FIFO_DUALCLOCK_MACRO__parameterized1_188 |          1 |          1 |       0 |    0 |   0 |      1 |      0 |          0 |
|   FIFO_DUALCLOCK_MACRO_271 | FIFO_DUALCLOCK_MACRO__parameterized1_189 |          1 |          1 |       0 |    0 |   0 |      1 |      0 |          0 |
|   FIFO_DUALCLOCK_MACRO_272 | FIFO_DUALCLOCK_MACRO__parameterized1_190 |          1 |          1 |       0 |    0 |   0 |      1 |      0 |          0 |
|   FIFO_DUALCLOCK_MACRO_273 | FIFO_DUALCLOCK_MACRO__parameterized1_191 |          1 |          1 |       0 |    0 |   0 |      1 |      0 |          0 |
|   FIFO_DUALCLOCK_MACRO_274 | FIFO_DUALCLOCK_MACRO__parameterized1_192 |          1 |          1 |       0 |    0 |   0 |      1 |      0 |          0 |
|   FIFO_DUALCLOCK_MACRO_275 | FIFO_DUALCLOCK_MACRO__parameterized1_193 |          1 |          1 |       0 |    0 |   0 |      1 |      0 |          0 |
|   FIFO_DUALCLOCK_MACRO_276 | FIFO_DUALCLOCK_MACRO__parameterized1_194 |          1 |          1 |       0 |    0 |   0 |      1 |      0 |          0 |
|   FIFO_DUALCLOCK_MACRO_277 | FIFO_DUALCLOCK_MACRO__parameterized1_195 |          1 |          1 |       0 |    0 |   0 |      1 |      0 |          0 |
|   FIFO_DUALCLOCK_MACRO_278 | FIFO_DUALCLOCK_MACRO__parameterized1_196 |          1 |          1 |       0 |    0 |   0 |      1 |      0 |          0 |
|   FIFO_DUALCLOCK_MACRO_279 | FIFO_DUALCLOCK_MACRO__parameterized1_197 |          2 |          2 |       0 |    0 |   0 |      1 |      0 |          0 |
|   FIFO_DUALCLOCK_MACRO_28  | FIFO_DUALCLOCK_MACRO__parameterized1_198 |          1 |          1 |       0 |    0 |   0 |      1 |      0 |          0 |
|   FIFO_DUALCLOCK_MACRO_280 |                 FIFO_DUALCLOCK_MACRO_199 |         18 |         18 |       0 |    0 |   0 |      1 |      0 |          0 |
|   FIFO_DUALCLOCK_MACRO_281 | FIFO_DUALCLOCK_MACRO__parameterized0_200 |         18 |         18 |       0 |    0 |   0 |      1 |      0 |          0 |
|   FIFO_DUALCLOCK_MACRO_282 | FIFO_DUALCLOCK_MACRO__parameterized1_201 |          1 |          1 |       0 |    0 |   0 |      1 |      0 |          0 |
|   FIFO_DUALCLOCK_MACRO_283 | FIFO_DUALCLOCK_MACRO__parameterized1_202 |          1 |          1 |       0 |    0 |   0 |      1 |      0 |          0 |
|   FIFO_DUALCLOCK_MACRO_284 | FIFO_DUALCLOCK_MACRO__parameterized1_203 |          1 |          1 |       0 |    0 |   0 |      1 |      0 |          0 |
|   FIFO_DUALCLOCK_MACRO_285 | FIFO_DUALCLOCK_MACRO__parameterized1_204 |          1 |          1 |       0 |    0 |   0 |      1 |      0 |          0 |
|   FIFO_DUALCLOCK_MACRO_286 | FIFO_DUALCLOCK_MACRO__parameterized1_205 |          1 |          1 |       0 |    0 |   0 |      1 |      0 |          0 |
|   FIFO_DUALCLOCK_MACRO_287 | FIFO_DUALCLOCK_MACRO__parameterized1_206 |          1 |          1 |       0 |    0 |   0 |      1 |      0 |          0 |
|   FIFO_DUALCLOCK_MACRO_288 | FIFO_DUALCLOCK_MACRO__parameterized1_207 |          1 |          1 |       0 |    0 |   0 |      1 |      0 |          0 |
|   FIFO_DUALCLOCK_MACRO_289 | FIFO_DUALCLOCK_MACRO__parameterized1_208 |          1 |          1 |       0 |    0 |   0 |      1 |      0 |          0 |
|   FIFO_DUALCLOCK_MACRO_29  | FIFO_DUALCLOCK_MACRO__parameterized1_209 |          1 |          1 |       0 |    0 |   0 |      1 |      0 |          0 |
|   FIFO_DUALCLOCK_MACRO_290 | FIFO_DUALCLOCK_MACRO__parameterized1_210 |          1 |          1 |       0 |    0 |   0 |      1 |      0 |          0 |
|   FIFO_DUALCLOCK_MACRO_291 | FIFO_DUALCLOCK_MACRO__parameterized1_211 |          1 |          1 |       0 |    0 |   0 |      1 |      0 |          0 |
|   FIFO_DUALCLOCK_MACRO_292 | FIFO_DUALCLOCK_MACRO__parameterized1_212 |          1 |          1 |       0 |    0 |   0 |      1 |      0 |          0 |
|   FIFO_DUALCLOCK_MACRO_293 | FIFO_DUALCLOCK_MACRO__parameterized1_213 |          1 |          1 |       0 |    0 |   0 |      1 |      0 |          0 |
|   FIFO_DUALCLOCK_MACRO_294 | FIFO_DUALCLOCK_MACRO__parameterized1_214 |          1 |          1 |       0 |    0 |   0 |      1 |      0 |          0 |
|   FIFO_DUALCLOCK_MACRO_295 | FIFO_DUALCLOCK_MACRO__parameterized1_215 |          1 |          1 |       0 |    0 |   0 |      1 |      0 |          0 |
|   FIFO_DUALCLOCK_MACRO_296 | FIFO_DUALCLOCK_MACRO__parameterized1_216 |          1 |          1 |       0 |    0 |   0 |      1 |      0 |          0 |
|   FIFO_DUALCLOCK_MACRO_297 | FIFO_DUALCLOCK_MACRO__parameterized1_217 |          1 |          1 |       0 |    0 |   0 |      1 |      0 |          0 |
|   FIFO_DUALCLOCK_MACRO_298 | FIFO_DUALCLOCK_MACRO__parameterized1_218 |          1 |          1 |       0 |    0 |   0 |      1 |      0 |          0 |
|   FIFO_DUALCLOCK_MACRO_299 | FIFO_DUALCLOCK_MACRO__parameterized1_219 |          1 |          1 |       0 |    0 |   0 |      1 |      0 |          0 |
|   FIFO_DUALCLOCK_MACRO_3   | FIFO_DUALCLOCK_MACRO__parameterized1_220 |          1 |          1 |       0 |    0 |   0 |      1 |      0 |          0 |
|   FIFO_DUALCLOCK_MACRO_30  | FIFO_DUALCLOCK_MACRO__parameterized1_221 |          1 |          1 |       0 |    0 |   0 |      1 |      0 |          0 |
|   FIFO_DUALCLOCK_MACRO_300 | FIFO_DUALCLOCK_MACRO__parameterized1_222 |          1 |          1 |       0 |    0 |   0 |      1 |      0 |          0 |
|   FIFO_DUALCLOCK_MACRO_301 | FIFO_DUALCLOCK_MACRO__parameterized1_223 |          1 |          1 |       0 |    0 |   0 |      1 |      0 |          0 |
|   FIFO_DUALCLOCK_MACRO_302 | FIFO_DUALCLOCK_MACRO__parameterized1_224 |          1 |          1 |       0 |    0 |   0 |      1 |      0 |          0 |
|   FIFO_DUALCLOCK_MACRO_303 | FIFO_DUALCLOCK_MACRO__parameterized1_225 |          1 |          1 |       0 |    0 |   0 |      1 |      0 |          0 |
|   FIFO_DUALCLOCK_MACRO_304 | FIFO_DUALCLOCK_MACRO__parameterized1_226 |          1 |          1 |       0 |    0 |   0 |      1 |      0 |          0 |
|   FIFO_DUALCLOCK_MACRO_305 | FIFO_DUALCLOCK_MACRO__parameterized1_227 |          1 |          1 |       0 |    0 |   0 |      1 |      0 |          0 |
|   FIFO_DUALCLOCK_MACRO_306 | FIFO_DUALCLOCK_MACRO__parameterized1_228 |          1 |          1 |       0 |    0 |   0 |      1 |      0 |          0 |
|   FIFO_DUALCLOCK_MACRO_307 | FIFO_DUALCLOCK_MACRO__parameterized1_229 |          1 |          1 |       0 |    0 |   0 |      1 |      0 |          0 |
|   FIFO_DUALCLOCK_MACRO_308 | FIFO_DUALCLOCK_MACRO__parameterized1_230 |          1 |          1 |       0 |    0 |   0 |      1 |      0 |          0 |
|   FIFO_DUALCLOCK_MACRO_309 | FIFO_DUALCLOCK_MACRO__parameterized1_231 |          1 |          1 |       0 |    0 |   0 |      1 |      0 |          0 |
|   FIFO_DUALCLOCK_MACRO_31  | FIFO_DUALCLOCK_MACRO__parameterized1_232 |          1 |          1 |       0 |    0 |   0 |      1 |      0 |          0 |
|   FIFO_DUALCLOCK_MACRO_310 | FIFO_DUALCLOCK_MACRO__parameterized1_233 |          1 |          1 |       0 |    0 |   0 |      1 |      0 |          0 |
|   FIFO_DUALCLOCK_MACRO_311 | FIFO_DUALCLOCK_MACRO__parameterized1_234 |          1 |          1 |       0 |    0 |   0 |      1 |      0 |          0 |
|   FIFO_DUALCLOCK_MACRO_312 | FIFO_DUALCLOCK_MACRO__parameterized1_235 |          1 |          1 |       0 |    0 |   0 |      1 |      0 |          0 |
|   FIFO_DUALCLOCK_MACRO_313 | FIFO_DUALCLOCK_MACRO__parameterized1_236 |          1 |          1 |       0 |    0 |   0 |      1 |      0 |          0 |
|   FIFO_DUALCLOCK_MACRO_314 | FIFO_DUALCLOCK_MACRO__parameterized1_237 |          1 |          1 |       0 |    0 |   0 |      1 |      0 |          0 |
|   FIFO_DUALCLOCK_MACRO_315 | FIFO_DUALCLOCK_MACRO__parameterized1_238 |          1 |          1 |       0 |    0 |   0 |      1 |      0 |          0 |
|   FIFO_DUALCLOCK_MACRO_316 | FIFO_DUALCLOCK_MACRO__parameterized1_239 |          1 |          1 |       0 |    0 |   0 |      1 |      0 |          0 |
|   FIFO_DUALCLOCK_MACRO_317 | FIFO_DUALCLOCK_MACRO__parameterized1_240 |          1 |          1 |       0 |    0 |   0 |      1 |      0 |          0 |
|   FIFO_DUALCLOCK_MACRO_318 | FIFO_DUALCLOCK_MACRO__parameterized1_241 |          1 |          1 |       0 |    0 |   0 |      1 |      0 |          0 |
|   FIFO_DUALCLOCK_MACRO_319 | FIFO_DUALCLOCK_MACRO__parameterized1_242 |          2 |          2 |       0 |    0 |   0 |      1 |      0 |          0 |
|   FIFO_DUALCLOCK_MACRO_32  | FIFO_DUALCLOCK_MACRO__parameterized1_243 |          1 |          1 |       0 |    0 |   0 |      1 |      0 |          0 |
|   FIFO_DUALCLOCK_MACRO_33  | FIFO_DUALCLOCK_MACRO__parameterized1_244 |          1 |          1 |       0 |    0 |   0 |      1 |      0 |          0 |
|   FIFO_DUALCLOCK_MACRO_34  | FIFO_DUALCLOCK_MACRO__parameterized1_245 |          1 |          1 |       0 |    0 |   0 |      1 |      0 |          0 |
|   FIFO_DUALCLOCK_MACRO_35  | FIFO_DUALCLOCK_MACRO__parameterized1_246 |          1 |          1 |       0 |    0 |   0 |      1 |      0 |          0 |
|   FIFO_DUALCLOCK_MACRO_36  | FIFO_DUALCLOCK_MACRO__parameterized1_247 |          1 |          1 |       0 |    0 |   0 |      1 |      0 |          0 |
|   FIFO_DUALCLOCK_MACRO_37  | FIFO_DUALCLOCK_MACRO__parameterized1_248 |          1 |          1 |       0 |    0 |   0 |      1 |      0 |          0 |
|   FIFO_DUALCLOCK_MACRO_38  | FIFO_DUALCLOCK_MACRO__parameterized1_249 |          1 |          1 |       0 |    0 |   0 |      1 |      0 |          0 |
|   FIFO_DUALCLOCK_MACRO_39  | FIFO_DUALCLOCK_MACRO__parameterized1_250 |          2 |          2 |       0 |    0 |   0 |      1 |      0 |          0 |
|   FIFO_DUALCLOCK_MACRO_4   | FIFO_DUALCLOCK_MACRO__parameterized1_251 |          1 |          1 |       0 |    0 |   0 |      1 |      0 |          0 |
|   FIFO_DUALCLOCK_MACRO_40  |                 FIFO_DUALCLOCK_MACRO_252 |          3 |          3 |       0 |    0 |   0 |      1 |      0 |          0 |
|   FIFO_DUALCLOCK_MACRO_41  | FIFO_DUALCLOCK_MACRO__parameterized0_253 |          7 |          7 |       0 |    0 |   0 |      1 |      0 |          0 |
|   FIFO_DUALCLOCK_MACRO_42  | FIFO_DUALCLOCK_MACRO__parameterized1_254 |          1 |          1 |       0 |    0 |   0 |      1 |      0 |          0 |
|   FIFO_DUALCLOCK_MACRO_43  | FIFO_DUALCLOCK_MACRO__parameterized1_255 |          1 |          1 |       0 |    0 |   0 |      1 |      0 |          0 |
|   FIFO_DUALCLOCK_MACRO_44  | FIFO_DUALCLOCK_MACRO__parameterized1_256 |          1 |          1 |       0 |    0 |   0 |      1 |      0 |          0 |
|   FIFO_DUALCLOCK_MACRO_45  | FIFO_DUALCLOCK_MACRO__parameterized1_257 |          1 |          1 |       0 |    0 |   0 |      1 |      0 |          0 |
|   FIFO_DUALCLOCK_MACRO_46  | FIFO_DUALCLOCK_MACRO__parameterized1_258 |          1 |          1 |       0 |    0 |   0 |      1 |      0 |          0 |
|   FIFO_DUALCLOCK_MACRO_47  | FIFO_DUALCLOCK_MACRO__parameterized1_259 |          1 |          1 |       0 |    0 |   0 |      1 |      0 |          0 |
|   FIFO_DUALCLOCK_MACRO_48  | FIFO_DUALCLOCK_MACRO__parameterized1_260 |          1 |          1 |       0 |    0 |   0 |      1 |      0 |          0 |
|   FIFO_DUALCLOCK_MACRO_49  | FIFO_DUALCLOCK_MACRO__parameterized1_261 |          1 |          1 |       0 |    0 |   0 |      1 |      0 |          0 |
|   FIFO_DUALCLOCK_MACRO_5   | FIFO_DUALCLOCK_MACRO__parameterized1_262 |          1 |          1 |       0 |    0 |   0 |      1 |      0 |          0 |
|   FIFO_DUALCLOCK_MACRO_50  | FIFO_DUALCLOCK_MACRO__parameterized1_263 |          1 |          1 |       0 |    0 |   0 |      1 |      0 |          0 |
|   FIFO_DUALCLOCK_MACRO_51  | FIFO_DUALCLOCK_MACRO__parameterized1_264 |          1 |          1 |       0 |    0 |   0 |      1 |      0 |          0 |
|   FIFO_DUALCLOCK_MACRO_52  | FIFO_DUALCLOCK_MACRO__parameterized1_265 |          1 |          1 |       0 |    0 |   0 |      1 |      0 |          0 |
|   FIFO_DUALCLOCK_MACRO_53  | FIFO_DUALCLOCK_MACRO__parameterized1_266 |          1 |          1 |       0 |    0 |   0 |      1 |      0 |          0 |
|   FIFO_DUALCLOCK_MACRO_54  | FIFO_DUALCLOCK_MACRO__parameterized1_267 |          1 |          1 |       0 |    0 |   0 |      1 |      0 |          0 |
|   FIFO_DUALCLOCK_MACRO_55  | FIFO_DUALCLOCK_MACRO__parameterized1_268 |          1 |          1 |       0 |    0 |   0 |      1 |      0 |          0 |
|   FIFO_DUALCLOCK_MACRO_56  | FIFO_DUALCLOCK_MACRO__parameterized1_269 |          1 |          1 |       0 |    0 |   0 |      1 |      0 |          0 |
|   FIFO_DUALCLOCK_MACRO_57  | FIFO_DUALCLOCK_MACRO__parameterized1_270 |          1 |          1 |       0 |    0 |   0 |      1 |      0 |          0 |
|   FIFO_DUALCLOCK_MACRO_58  | FIFO_DUALCLOCK_MACRO__parameterized1_271 |          1 |          1 |       0 |    0 |   0 |      1 |      0 |          0 |
|   FIFO_DUALCLOCK_MACRO_59  | FIFO_DUALCLOCK_MACRO__parameterized1_272 |          1 |          1 |       0 |    0 |   0 |      1 |      0 |          0 |
|   FIFO_DUALCLOCK_MACRO_6   | FIFO_DUALCLOCK_MACRO__parameterized1_273 |          1 |          1 |       0 |    0 |   0 |      1 |      0 |          0 |
|   FIFO_DUALCLOCK_MACRO_60  | FIFO_DUALCLOCK_MACRO__parameterized1_274 |          1 |          1 |       0 |    0 |   0 |      1 |      0 |          0 |
|   FIFO_DUALCLOCK_MACRO_61  | FIFO_DUALCLOCK_MACRO__parameterized1_275 |          1 |          1 |       0 |    0 |   0 |      1 |      0 |          0 |
|   FIFO_DUALCLOCK_MACRO_62  | FIFO_DUALCLOCK_MACRO__parameterized1_276 |          1 |          1 |       0 |    0 |   0 |      1 |      0 |          0 |
|   FIFO_DUALCLOCK_MACRO_63  | FIFO_DUALCLOCK_MACRO__parameterized1_277 |          1 |          1 |       0 |    0 |   0 |      1 |      0 |          0 |
|   FIFO_DUALCLOCK_MACRO_64  | FIFO_DUALCLOCK_MACRO__parameterized1_278 |          1 |          1 |       0 |    0 |   0 |      1 |      0 |          0 |
|   FIFO_DUALCLOCK_MACRO_65  | FIFO_DUALCLOCK_MACRO__parameterized1_279 |          1 |          1 |       0 |    0 |   0 |      1 |      0 |          0 |
|   FIFO_DUALCLOCK_MACRO_66  | FIFO_DUALCLOCK_MACRO__parameterized1_280 |          1 |          1 |       0 |    0 |   0 |      1 |      0 |          0 |
|   FIFO_DUALCLOCK_MACRO_67  | FIFO_DUALCLOCK_MACRO__parameterized1_281 |          1 |          1 |       0 |    0 |   0 |      1 |      0 |          0 |
|   FIFO_DUALCLOCK_MACRO_68  | FIFO_DUALCLOCK_MACRO__parameterized1_282 |          1 |          1 |       0 |    0 |   0 |      1 |      0 |          0 |
|   FIFO_DUALCLOCK_MACRO_69  | FIFO_DUALCLOCK_MACRO__parameterized1_283 |          1 |          1 |       0 |    0 |   0 |      1 |      0 |          0 |
|   FIFO_DUALCLOCK_MACRO_7   | FIFO_DUALCLOCK_MACRO__parameterized1_284 |          1 |          1 |       0 |    0 |   0 |      1 |      0 |          0 |
|   FIFO_DUALCLOCK_MACRO_70  | FIFO_DUALCLOCK_MACRO__parameterized1_285 |          1 |          1 |       0 |    0 |   0 |      1 |      0 |          0 |
|   FIFO_DUALCLOCK_MACRO_71  | FIFO_DUALCLOCK_MACRO__parameterized1_286 |          1 |          1 |       0 |    0 |   0 |      1 |      0 |          0 |
|   FIFO_DUALCLOCK_MACRO_72  | FIFO_DUALCLOCK_MACRO__parameterized1_287 |          1 |          1 |       0 |    0 |   0 |      1 |      0 |          0 |
|   FIFO_DUALCLOCK_MACRO_73  | FIFO_DUALCLOCK_MACRO__parameterized1_288 |          1 |          1 |       0 |    0 |   0 |      1 |      0 |          0 |
|   FIFO_DUALCLOCK_MACRO_74  | FIFO_DUALCLOCK_MACRO__parameterized1_289 |          1 |          1 |       0 |    0 |   0 |      1 |      0 |          0 |
|   FIFO_DUALCLOCK_MACRO_75  | FIFO_DUALCLOCK_MACRO__parameterized1_290 |          1 |          1 |       0 |    0 |   0 |      1 |      0 |          0 |
|   FIFO_DUALCLOCK_MACRO_76  | FIFO_DUALCLOCK_MACRO__parameterized1_291 |          1 |          1 |       0 |    0 |   0 |      1 |      0 |          0 |
|   FIFO_DUALCLOCK_MACRO_77  | FIFO_DUALCLOCK_MACRO__parameterized1_292 |          1 |          1 |       0 |    0 |   0 |      1 |      0 |          0 |
|   FIFO_DUALCLOCK_MACRO_78  | FIFO_DUALCLOCK_MACRO__parameterized1_293 |          1 |          1 |       0 |    0 |   0 |      1 |      0 |          0 |
|   FIFO_DUALCLOCK_MACRO_79  | FIFO_DUALCLOCK_MACRO__parameterized1_294 |          2 |          2 |       0 |    0 |   0 |      1 |      0 |          0 |
|   FIFO_DUALCLOCK_MACRO_8   | FIFO_DUALCLOCK_MACRO__parameterized1_295 |          1 |          1 |       0 |    0 |   0 |      1 |      0 |          0 |
|   FIFO_DUALCLOCK_MACRO_80  |                 FIFO_DUALCLOCK_MACRO_296 |          4 |          4 |       0 |    0 |   0 |      1 |      0 |          0 |
|   FIFO_DUALCLOCK_MACRO_81  | FIFO_DUALCLOCK_MACRO__parameterized0_297 |          5 |          5 |       0 |    0 |   0 |      1 |      0 |          0 |
|   FIFO_DUALCLOCK_MACRO_82  | FIFO_DUALCLOCK_MACRO__parameterized1_298 |          1 |          1 |       0 |    0 |   0 |      1 |      0 |          0 |
|   FIFO_DUALCLOCK_MACRO_83  | FIFO_DUALCLOCK_MACRO__parameterized1_299 |          1 |          1 |       0 |    0 |   0 |      1 |      0 |          0 |
|   FIFO_DUALCLOCK_MACRO_84  | FIFO_DUALCLOCK_MACRO__parameterized1_300 |          1 |          1 |       0 |    0 |   0 |      1 |      0 |          0 |
|   FIFO_DUALCLOCK_MACRO_85  | FIFO_DUALCLOCK_MACRO__parameterized1_301 |          1 |          1 |       0 |    0 |   0 |      1 |      0 |          0 |
|   FIFO_DUALCLOCK_MACRO_86  | FIFO_DUALCLOCK_MACRO__parameterized1_302 |          1 |          1 |       0 |    0 |   0 |      1 |      0 |          0 |
|   FIFO_DUALCLOCK_MACRO_87  | FIFO_DUALCLOCK_MACRO__parameterized1_303 |          1 |          1 |       0 |    0 |   0 |      1 |      0 |          0 |
|   FIFO_DUALCLOCK_MACRO_88  | FIFO_DUALCLOCK_MACRO__parameterized1_304 |          1 |          1 |       0 |    0 |   0 |      1 |      0 |          0 |
|   FIFO_DUALCLOCK_MACRO_89  | FIFO_DUALCLOCK_MACRO__parameterized1_305 |          1 |          1 |       0 |    0 |   0 |      1 |      0 |          0 |
|   FIFO_DUALCLOCK_MACRO_9   | FIFO_DUALCLOCK_MACRO__parameterized1_306 |          1 |          1 |       0 |    0 |   0 |      1 |      0 |          0 |
|   FIFO_DUALCLOCK_MACRO_90  | FIFO_DUALCLOCK_MACRO__parameterized1_307 |          1 |          1 |       0 |    0 |   0 |      1 |      0 |          0 |
|   FIFO_DUALCLOCK_MACRO_91  | FIFO_DUALCLOCK_MACRO__parameterized1_308 |          1 |          1 |       0 |    0 |   0 |      1 |      0 |          0 |
|   FIFO_DUALCLOCK_MACRO_92  | FIFO_DUALCLOCK_MACRO__parameterized1_309 |          1 |          1 |       0 |    0 |   0 |      1 |      0 |          0 |
|   FIFO_DUALCLOCK_MACRO_93  | FIFO_DUALCLOCK_MACRO__parameterized1_310 |          1 |          1 |       0 |    0 |   0 |      1 |      0 |          0 |
|   FIFO_DUALCLOCK_MACRO_94  | FIFO_DUALCLOCK_MACRO__parameterized1_311 |          1 |          1 |       0 |    0 |   0 |      1 |      0 |          0 |
|   FIFO_DUALCLOCK_MACRO_95  | FIFO_DUALCLOCK_MACRO__parameterized1_312 |          1 |          1 |       0 |    0 |   0 |      1 |      0 |          0 |
|   FIFO_DUALCLOCK_MACRO_96  | FIFO_DUALCLOCK_MACRO__parameterized1_313 |          1 |          1 |       0 |    0 |   0 |      1 |      0 |          0 |
|   FIFO_DUALCLOCK_MACRO_97  | FIFO_DUALCLOCK_MACRO__parameterized1_314 |          1 |          1 |       0 |    0 |   0 |      1 |      0 |          0 |
|   FIFO_DUALCLOCK_MACRO_98  | FIFO_DUALCLOCK_MACRO__parameterized1_315 |          1 |          1 |       0 |    0 |   0 |      1 |      0 |          0 |
|   FIFO_DUALCLOCK_MACRO_99  | FIFO_DUALCLOCK_MACRO__parameterized1_316 |          1 |          1 |       0 |    0 |   0 |      1 |      0 |          0 |
+----------------------------+------------------------------------------+------------+------------+---------+------+-----+--------+--------+------------+


